	Exporter version: 4.6.1, Blender version: 2.76 (sub 0)
========= Conversion from Blender to Babylon.js =========
	Scene settings used:
		selected layers only:  false
		flat shading entire scene:  false
		inline textures:  false
		texture directory:  /hdd/projects/javascript/js_nn_game/babylon_game/dev/assets/3d/
	Python World class constructor completed
	processing begun of mesh:  table
		processing begun of Standard material:  table_material
			Diffuse texture found "Texture"
				Image texture found, type:  diffuseTexture, mapped using: "UVMap"
		num positions      :  131
		num normals        :  131
		num uvs            :  262
		num uvs2           :  0
		num colors         :  0
		num indices        :  372
	processing begun of camera (FreeCamera):  Camera
	processing begun of light (POINT):  Lamp
========= Writing of scene file started =========
========= Writing of scene file completed =========
========= end of processing =========
elapsed time:  0 min, 0.005 secs
